<?xml version="1.0" encoding="UTF-8"?>
<!-- Generated by org.testng.reporters.JUnitXMLReporter -->
<testsuite hostname="dell-PC" tests="1" failures="1" timestamp="20 Jun 2016 17:40:07 GMT" time="53.842" errors="0">
  <testcase name="open1" time="53.809" classname="WebDriverChrome">
    <failure type="org.openqa.selenium.WebDriverException" message="Unable to connect to host 127.0.0.1 on port 7055 after 45000 ms. Firefox console output:
5096322551},&amp;quot;firefox@getpocket.com&amp;quot;:{&amp;quot;d&amp;quot;:&amp;quot;C:\\Program Files (x86)\\Mozilla Firefox\\browser\\features\\firefox@getpocket.com.xpi&amp;quot;,&amp;quot;e&amp;quot;:true,&amp;quot;v&amp;quot;:&amp;quot;1.0.2&amp;quot;,&amp;quot;st&amp;quot;:1465096322601},&amp;quot;loop@mozilla.org&amp;quot;:{&amp;quot;d&amp;quot;:&amp;quot;C:\\Program Files (x86)\\Mozilla Firefox\\browser\\features\\loop@mozilla.org.xpi&amp;quot;,&amp;quot;e&amp;quot;:true,&amp;quot;v&amp;quot;:&amp;quot;1.3.2&amp;quot;,&amp;quot;st&amp;quot;:1465096322761}},&amp;quot;app-global&amp;quot;:{&amp;quot;{972ce4c6-7e08-4474-a285-3208198ce6fd}&amp;quot;:{&amp;quot;d&amp;quot;:&amp;quot;C:\\Program Files (x86)\\Mozilla Firefox\\browser\\extensions\\{972ce4c6-7e08-4474-a285-3208198ce6fd}.xpi&amp;quot;,&amp;quot;e&amp;quot;:true,&amp;quot;v&amp;quot;:&amp;quot;47.0&amp;quot;,&amp;quot;st&amp;quot;:1465096322549}},&amp;quot;winreg-app-global&amp;quot;:{&amp;quot;k7srff_enUS@k7computing.com&amp;quot;:{&amp;quot;d&amp;quot;:&amp;quot;C:\\Program Files (x86)\\K7 Computing\\K7TSecurity\\K7SR\\K7WebProtection.xpi&amp;quot;,&amp;quot;e&amp;quot;:false,&amp;quot;v&amp;quot;:&amp;quot;2.4&amp;quot;,&amp;quot;st&amp;quot;:1451992580000}}}
1466444361952	addons.xpi	DEBUG	No changes found
1466444361962	addons.xpi	DEBUG	Registering manifest for C:\Program Files (x86)\Mozilla Firefox\browser\features\e10srollout@mozilla.org.xpi
1466444361963	addons.xpi	DEBUG	Loading bootstrap scope from C:\Program Files (x86)\Mozilla Firefox\browser\features\e10srollout@mozilla.org.xpi
1466444361981	addons.xpi	DEBUG	Calling bootstrap method startup on e10srollout@mozilla.org version 1.0
1466444361982	addons.xpi	DEBUG	Registering manifest for C:\Program Files (x86)\Mozilla Firefox\browser\features\firefox@getpocket.com.xpi
1466444361983	addons.xpi	DEBUG	Loading bootstrap scope from C:\Program Files (x86)\Mozilla Firefox\browser\features\firefox@getpocket.com.xpi
1466444361988	addons.xpi	DEBUG	Calling bootstrap method startup on firefox@getpocket.com version 1.0.2
1466444361997	addons.xpi-utils	DEBUG	Starting async load of XPI database C:\Users\dell\AppData\Local\Temp\anonymous8501010851755034904webdriver-profile\extensions.json
1466444361999	addons.xpi	DEBUG	Registering manifest for C:\Program Files (x86)\Mozilla Firefox\browser\features\loop@mozilla.org.xpi
1466444362000	addons.xpi	DEBUG	Loading bootstrap scope from C:\Program Files (x86)\Mozilla Firefox\browser\features\loop@mozilla.org.xpi
1466444362007	addons.xpi	DEBUG	Calling bootstrap method startup on loop@mozilla.org version 1.3.2
1466444362038	addons.manager	DEBUG	Registering shutdown blocker for XPIProvider
1466444362039	addons.manager	DEBUG	Provider finished startup: XPIProvider
1466444362039	addons.manager	DEBUG	Starting provider: LightweightThemeManager
1466444362039	addons.manager	DEBUG	Registering shutdown blocker for LightweightThemeManager
1466444362039	addons.manager	DEBUG	Provider finished startup: LightweightThemeManager
1466444362040	addons.manager	DEBUG	Starting provider: GMPProvider
1466444362046	addons.manager	DEBUG	Registering shutdown blocker for GMPProvider
1466444362047	addons.manager	DEBUG	Provider finished startup: GMPProvider
1466444362047	addons.manager	DEBUG	Starting provider: PluginProvider
1466444362047	addons.manager	DEBUG	Registering shutdown blocker for PluginProvider
1466444362047	addons.manager	DEBUG	Provider finished startup: PluginProvider
1466444362048	addons.manager	DEBUG	Completed startup sequence
1466444362425	addons.xpi-utils	DEBUG	Async JSON file read took 0 MS
1466444362425	addons.xpi-utils	DEBUG	Finished async read of XPI database, parsing...
1466444362428	addons.xpi-utils	DEBUG	Successfully read XPI database
1466444362441	addons.manager	DEBUG	Starting provider: &amp;lt;unnamed-provider&amp;gt;
1466444362441	addons.manager	DEBUG	Registering shutdown blocker for &amp;lt;unnamed-provider&amp;gt;
1466444362442	addons.manager	DEBUG	Provider finished startup: &amp;lt;unnamed-provider&amp;gt;
*** Blocklist::_loadBlocklistFromFile: blocklist is disabled
1466444362581	addons.manager	DEBUG	Starting provider: PreviousExperimentProvider
1466444362581	addons.manager	DEBUG	Registering shutdown blocker for PreviousExperimentProvider
1466444362581	addons.manager	DEBUG	Provider finished startup: PreviousExperimentProvider
JavaScript warning: https://normandy.cdn.mozilla.net/static/js/bundles/selfrepair-7575f6d27445b45bcffb.js, line 9825: mutating the [[Prototype]] of an object will cause your code to run very slowly; instead create the object with the correct initial [[Prototype]] value using Object.create

Command duration or timeout: 53.29 seconds
Build info: version: &amp;apos;2.45.0&amp;apos;, revision: &amp;apos;5017cb8&amp;apos;, time: &amp;apos;2015-02-26 23:59:50&amp;apos;
System info: host: &amp;apos;dell-PC&amp;apos;, ip: &amp;apos;192.168.1.2&amp;apos;, os.name: &amp;apos;Windows 7&amp;apos;, os.arch: &amp;apos;amd64&amp;apos;, os.version: &amp;apos;6.1&amp;apos;, java.version: &amp;apos;1.8.0_65&amp;apos;
Driver info: org.openqa.selenium.remote.RemoteWebDriver">
      <![CDATA[org.openqa.selenium.WebDriverException: Unable to connect to host 127.0.0.1 on port 7055 after 45000 ms. Firefox console output:
5096322551},"firefox@getpocket.com":{"d":"C:\\Program Files (x86)\\Mozilla Firefox\\browser\\features\\firefox@getpocket.com.xpi","e":true,"v":"1.0.2","st":1465096322601},"loop@mozilla.org":{"d":"C:\\Program Files (x86)\\Mozilla Firefox\\browser\\features\\loop@mozilla.org.xpi","e":true,"v":"1.3.2","st":1465096322761}},"app-global":{"{972ce4c6-7e08-4474-a285-3208198ce6fd}":{"d":"C:\\Program Files (x86)\\Mozilla Firefox\\browser\\extensions\\{972ce4c6-7e08-4474-a285-3208198ce6fd}.xpi","e":true,"v":"47.0","st":1465096322549}},"winreg-app-global":{"k7srff_enUS@k7computing.com":{"d":"C:\\Program Files (x86)\\K7 Computing\\K7TSecurity\\K7SR\\K7WebProtection.xpi","e":false,"v":"2.4","st":1451992580000}}}
1466444361952	addons.xpi	DEBUG	No changes found
1466444361962	addons.xpi	DEBUG	Registering manifest for C:\Program Files (x86)\Mozilla Firefox\browser\features\e10srollout@mozilla.org.xpi
1466444361963	addons.xpi	DEBUG	Loading bootstrap scope from C:\Program Files (x86)\Mozilla Firefox\browser\features\e10srollout@mozilla.org.xpi
1466444361981	addons.xpi	DEBUG	Calling bootstrap method startup on e10srollout@mozilla.org version 1.0
1466444361982	addons.xpi	DEBUG	Registering manifest for C:\Program Files (x86)\Mozilla Firefox\browser\features\firefox@getpocket.com.xpi
1466444361983	addons.xpi	DEBUG	Loading bootstrap scope from C:\Program Files (x86)\Mozilla Firefox\browser\features\firefox@getpocket.com.xpi
1466444361988	addons.xpi	DEBUG	Calling bootstrap method startup on firefox@getpocket.com version 1.0.2
1466444361997	addons.xpi-utils	DEBUG	Starting async load of XPI database C:\Users\dell\AppData\Local\Temp\anonymous8501010851755034904webdriver-profile\extensions.json
1466444361999	addons.xpi	DEBUG	Registering manifest for C:\Program Files (x86)\Mozilla Firefox\browser\features\loop@mozilla.org.xpi
1466444362000	addons.xpi	DEBUG	Loading bootstrap scope from C:\Program Files (x86)\Mozilla Firefox\browser\features\loop@mozilla.org.xpi
1466444362007	addons.xpi	DEBUG	Calling bootstrap method startup on loop@mozilla.org version 1.3.2
1466444362038	addons.manager	DEBUG	Registering shutdown blocker for XPIProvider
1466444362039	addons.manager	DEBUG	Provider finished startup: XPIProvider
1466444362039	addons.manager	DEBUG	Starting provider: LightweightThemeManager
1466444362039	addons.manager	DEBUG	Registering shutdown blocker for LightweightThemeManager
1466444362039	addons.manager	DEBUG	Provider finished startup: LightweightThemeManager
1466444362040	addons.manager	DEBUG	Starting provider: GMPProvider
1466444362046	addons.manager	DEBUG	Registering shutdown blocker for GMPProvider
1466444362047	addons.manager	DEBUG	Provider finished startup: GMPProvider
1466444362047	addons.manager	DEBUG	Starting provider: PluginProvider
1466444362047	addons.manager	DEBUG	Registering shutdown blocker for PluginProvider
1466444362047	addons.manager	DEBUG	Provider finished startup: PluginProvider
1466444362048	addons.manager	DEBUG	Completed startup sequence
1466444362425	addons.xpi-utils	DEBUG	Async JSON file read took 0 MS
1466444362425	addons.xpi-utils	DEBUG	Finished async read of XPI database, parsing...
1466444362428	addons.xpi-utils	DEBUG	Successfully read XPI database
1466444362441	addons.manager	DEBUG	Starting provider: <unnamed-provider>
1466444362441	addons.manager	DEBUG	Registering shutdown blocker for <unnamed-provider>
1466444362442	addons.manager	DEBUG	Provider finished startup: <unnamed-provider>
*** Blocklist::_loadBlocklistFromFile: blocklist is disabled
1466444362581	addons.manager	DEBUG	Starting provider: PreviousExperimentProvider
1466444362581	addons.manager	DEBUG	Registering shutdown blocker for PreviousExperimentProvider
1466444362581	addons.manager	DEBUG	Provider finished startup: PreviousExperimentProvider
JavaScript warning: https://normandy.cdn.mozilla.net/static/js/bundles/selfrepair-7575f6d27445b45bcffb.js, line 9825: mutating the [[Prototype]] of an object will cause your code to run very slowly; instead create the object with the correct initial [[Prototype]] value using Object.create

Command duration or timeout: 53.29 seconds
Build info: version: '2.45.0', revision: '5017cb8', time: '2015-02-26 23:59:50'
System info: host: 'dell-PC', ip: '192.168.1.2', os.name: 'Windows 7', os.arch: 'amd64', os.version: '6.1', java.version: '1.8.0_65'
Driver info: org.openqa.selenium.remote.RemoteWebDriver
	at org.openqa.selenium.remote.ErrorHandler.createThrowable(ErrorHandler.java:204)
	at org.openqa.selenium.remote.ErrorHandler.throwIfResponseFailed(ErrorHandler.java:156)
	at org.openqa.selenium.remote.RemoteWebDriver.execute(RemoteWebDriver.java:599)
	at org.openqa.selenium.remote.RemoteWebDriver.startSession(RemoteWebDriver.java:240)
	at org.openqa.selenium.remote.RemoteWebDriver.<init>(RemoteWebDriver.java:126)
	at org.openqa.selenium.remote.RemoteWebDriver.<init>(RemoteWebDriver.java:153)
	at WebDriverChrome.open1(WebDriverChrome.java:22)
	at java.util.concurrent.FutureTask.run(Unknown Source)
	at java.util.concurrent.ThreadPoolExecutor.runWorker(Unknown Source)
	at java.util.concurrent.ThreadPoolExecutor$Worker.run(Unknown Source)
	at java.lang.Thread.run(Unknown Source)
Caused by: org.openqa.selenium.remote.ErrorHandler$UnknownServerException: Unable to connect to host 127.0.0.1 on port 7055 after 45000 ms. Firefox console output:
5096322551},"firefox@getpocket.com":{"d":"C:\\Program Files (x86)\\Mozilla Firefox\\browser\\features\\firefox@getpocket.com.xpi","e":true,"v":"1.0.2","st":1465096322601},"loop@mozilla.org":{"d":"C:\\Program Files (x86)\\Mozilla Firefox\\browser\\features\\loop@mozilla.org.xpi","e":true,"v":"1.3.2","st":1465096322761}},"app-global":{"{972ce4c6-7e08-4474-a285-3208198ce6fd}":{"d":"C:\\Program Files (x86)\\Mozilla Firefox\\browser\\extensions\\{972ce4c6-7e08-4474-a285-3208198ce6fd}.xpi","e":true,"v":"47.0","st":1465096322549}},"winreg-app-global":{"k7srff_enUS@k7computing.com":{"d":"C:\\Program Files (x86)\\K7 Computing\\K7TSecurity\\K7SR\\K7WebProtection.xpi","e":false,"v":"2.4","st":1451992580000}}}
1466444361952	addons.xpi	DEBUG	No changes found
1466444361962	addons.xpi	DEBUG	Registering manifest for C:\Program Files (x86)\Mozilla Firefox\browser\features\e10srollout@mozilla.org.xpi
1466444361963	addons.xpi	DEBUG	Loading bootstrap scope from C:\Program Files (x86)\Mozilla Firefox\browser\features\e10srollout@mozilla.org.xpi
1466444361981	addons.xpi	DEBUG	Calling bootstrap method startup on e10srollout@mozilla.org version 1.0
1466444361982	addons.xpi	DEBUG	Registering manifest for C:\Program Files (x86)\Mozilla Firefox\browser\features\firefox@getpocket.com.xpi
1466444361983	addons.xpi	DEBUG	Loading bootstrap scope from C:\Program Files (x86)\Mozilla Firefox\browser\features\firefox@getpocket.com.xpi
1466444361988	addons.xpi	DEBUG	Calling bootstrap method startup on firefox@getpocket.com version 1.0.2
1466444361997	addons.xpi-utils	DEBUG	Starting async load of XPI database C:\Users\dell\AppData\Local\Temp\anonymous8501010851755034904webdriver-profile\extensions.json
1466444361999	addons.xpi	DEBUG	Registering manifest for C:\Program Files (x86)\Mozilla Firefox\browser\features\loop@mozilla.org.xpi
1466444362000	addons.xpi	DEBUG	Loading bootstrap scope from C:\Program Files (x86)\Mozilla Firefox\browser\features\loop@mozilla.org.xpi
1466444362007	addons.xpi	DEBUG	Calling bootstrap method startup on loop@mozilla.org version 1.3.2
1466444362038	addons.manager	DEBUG	Registering shutdown blocker for XPIProvider
1466444362039	addons.manager	DEBUG	Provider finished startup: XPIProvider
1466444362039	addons.manager	DEBUG	Starting provider: LightweightThemeManager
1466444362039	addons.manager	DEBUG	Registering shutdown blocker for LightweightThemeManager
1466444362039	addons.manager	DEBUG	Provider finished startup: LightweightThemeManager
1466444362040	addons.manager	DEBUG	Starting provider: GMPProvider
1466444362046	addons.manager	DEBUG	Registering shutdown blocker for GMPProvider
1466444362047	addons.manager	DEBUG	Provider finished startup: GMPProvider
1466444362047	addons.manager	DEBUG	Starting provider: PluginProvider
1466444362047	addons.manager	DEBUG	Registering shutdown blocker for PluginProvider
1466444362047	addons.manager	DEBUG	Provider finished startup: PluginProvider
1466444362048	addons.manager	DEBUG	Completed startup sequence
1466444362425	addons.xpi-utils	DEBUG	Async JSON file read took 0 MS
1466444362425	addons.xpi-utils	DEBUG	Finished async read of XPI database, parsing...
1466444362428	addons.xpi-utils	DEBUG	Successfully read XPI database
1466444362441	addons.manager	DEBUG	Starting provider: <unnamed-provider>
1466444362441	addons.manager	DEBUG	Registering shutdown blocker for <unnamed-provider>
1466444362442	addons.manager	DEBUG	Provider finished startup: <unnamed-provider>
*** Blocklist::_loadBlocklistFromFile: blocklist is disabled
1466444362581	addons.manager	DEBUG	Starting provider: PreviousExperimentProvider
1466444362581	addons.manager	DEBUG	Registering shutdown blocker for PreviousExperimentProvider
1466444362581	addons.manager	DEBUG	Provider finished startup: PreviousExperimentProvider
JavaScript warning: https://normandy.cdn.mozilla.net/static/js/bundles/selfrepair-7575f6d27445b45bcffb.js, line 9825: mutating the [[Prototype]] of an object will cause your code to run very slowly; instead create the object with the correct initial [[Prototype]] value using Object.create

Build info: version: '2.45.0', revision: '5017cb8', time: '2015-02-26 23:59:50'
System info: host: 'dell-PC', ip: '192.168.1.2', os.name: 'Windows 7', os.arch: 'amd64', os.version: '6.1', java.version: '1.8.0_65'
Driver info: driver.version: FirefoxDriver
	at org.openqa.selenium.firefox.internal.NewProfileExtensionConnection.start(NewProfileExtensionConnection.java:106)
	at org.openqa.selenium.firefox.FirefoxDriver.startClient(FirefoxDriver.java:251)
	at org.openqa.selenium.remote.RemoteWebDriver.<init>(RemoteWebDriver.java:110)
	at org.openqa.selenium.firefox.FirefoxDriver.<init>(FirefoxDriver.java:197)
	at org.openqa.selenium.firefox.FirefoxDriver.<init>(FirefoxDriver.java:190)
	at org.openqa.selenium.firefox.FirefoxDriver.<init>(FirefoxDriver.java:108)
	at org.openqa.selenium.remote.server.DefaultDriverFactory.callConstructor(DefaultDriverFactory.java:62)
	at org.openqa.selenium.remote.server.DefaultDriverFactory.newInstance(DefaultDriverFactory.java:56)
	at org.openqa.selenium.remote.server.DefaultSession$BrowserCreator.call(DefaultSession.java:215)
	at org.openqa.selenium.remote.server.DefaultSession$BrowserCreator.call(DefaultSession.java:1)
	at java.util.concurrent.FutureTask.run(Unknown Source)
	at org.openqa.selenium.remote.server.DefaultSession$1.run(DefaultSession.java:169)
	... 3 more
... Removed 24 stack frames]]>
    </failure>
  </testcase> <!-- open1 -->
</testsuite>
